<?xml version="1.0" encoding="UTF-8"?>
<coverage generated="1702328596506" clover="3.2.0">
  <project timestamp="1702328596506" name="All files">
    <metrics statements="24" coveredstatements="24" conditionals="6" coveredconditionals="5" methods="8" coveredmethods="8" elements="38" coveredelements="37" complexity="0" loc="24" ncloc="24" packages="1" files="1" classes="1"/>
    <file name="robot-name.js" path="/Users/chasephilpot/LS/js130/js130_challenges/robot-name.js">
      <metrics statements="24" coveredstatements="24" conditionals="6" coveredconditionals="5" methods="8" coveredmethods="8"/>
      <line num="4" count="1" type="stmt"/>
      <line num="5" count="1" type="stmt"/>
      <line num="6" count="1" type="stmt"/>
      <line num="7" count="1" type="stmt"/>
      <line num="8" count="1" type="stmt"/>
      <line num="16" count="40" type="stmt"/>
      <line num="17" count="40" type="stmt"/>
      <line num="18" count="40" type="stmt"/>
      <line num="20" count="40" type="stmt"/>
      <line num="24" count="8" type="stmt"/>
      <line num="25" count="16" type="stmt"/>
      <line num="31" count="8" type="stmt"/>
      <line num="32" count="24" type="stmt"/>
      <line num="37" count="1" type="stmt"/>
      <line num="38" count="1" type="cond" truecount="1" falsecount="1"/>
      <line num="39" count="1" type="stmt"/>
      <line num="44" count="11" type="cond" truecount="2" falsecount="0"/>
      <line num="45" count="8" type="stmt"/>
      <line num="47" count="8" type="cond" truecount="2" falsecount="0"/>
      <line num="48" count="8" type="stmt"/>
      <line num="50" count="8" type="stmt"/>
      <line num="54" count="1" type="stmt"/>
      <line num="55" count="1" type="stmt"/>
      <line num="59" count="1" type="stmt"/>
    </file>
  </project>
</coverage>
