{"/Users/chasephilpot/LS/js130/js130_challenges/robot-name.js": {"path":"/Users/chasephilpot/LS/js130/js130_challenges/robot-name.js","statementMap":{"0":{"start":{"line":4,"column":24},"end":{"line":4,"column":26}},"1":{"start":{"line":5,"column":25},"end":{"line":5,"column":26}},"2":{"start":{"line":6,"column":25},"end":{"line":6,"column":26}},"3":{"start":{"line":7,"column":18},"end":{"line":7,"column":45}},"4":{"start":{"line":8,"column":28},"end":{"line":13,"column":3}},"5":{"start":{"line":16,"column":16},"end":{"line":16,"column":33}},"6":{"start":{"line":17,"column":14},"end":{"line":17,"column":15}},"7":{"start":{"line":18,"column":14},"end":{"line":18,"column":17}},"8":{"start":{"line":20,"column":4},"end":{"line":20,"column":59}},"9":{"start":{"line":24,"column":4},"end":{"line":27,"column":16}},"10":{"start":{"line":25,"column":6},"end":{"line":26,"column":53}},"11":{"start":{"line":31,"column":4},"end":{"line":33,"column":16}},"12":{"start":{"line":32,"column":6},"end":{"line":32,"column":66}},"13":{"start":{"line":37,"column":16},"end":{"line":37,"column":56}},"14":{"start":{"line":38,"column":4},"end":{"line":40,"column":5}},"15":{"start":{"line":39,"column":6},"end":{"line":39,"column":42}},"16":{"start":{"line":44,"column":4},"end":{"line":44,"column":46}},"17":{"start":{"line":44,"column":24},"end":{"line":44,"column":46}},"18":{"start":{"line":45,"column":4},"end":{"line":45,"column":68}},"19":{"start":{"line":47,"column":4},"end":{"line":47,"column":65}},"20":{"start":{"line":47,"column":53},"end":{"line":47,"column":65}},"21":{"start":{"line":48,"column":4},"end":{"line":48,"column":44}},"22":{"start":{"line":50,"column":4},"end":{"line":50,"column":26}},"23":{"start":{"line":54,"column":4},"end":{"line":54,"column":33}},"24":{"start":{"line":55,"column":4},"end":{"line":55,"column":26}},"25":{"start":{"line":59,"column":0},"end":{"line":59,"column":23}}},"fnMap":{"0":{"name":"(anonymous_0)","decl":{"start":{"line":15,"column":2},"end":{"line":15,"column":3}},"loc":{"start":{"line":15,"column":41},"end":{"line":21,"column":3}},"line":15},"1":{"name":"(anonymous_1)","decl":{"start":{"line":23,"column":2},"end":{"line":23,"column":3}},"loc":{"start":{"line":23,"column":26},"end":{"line":28,"column":3}},"line":23},"2":{"name":"(anonymous_2)","decl":{"start":{"line":24,"column":53},"end":{"line":24,"column":54}},"loc":{"start":{"line":24,"column":59},"end":{"line":27,"column":5}},"line":24},"3":{"name":"(anonymous_3)","decl":{"start":{"line":30,"column":2},"end":{"line":30,"column":3}},"loc":{"start":{"line":30,"column":27},"end":{"line":34,"column":3}},"line":30},"4":{"name":"(anonymous_4)","decl":{"start":{"line":31,"column":53},"end":{"line":31,"column":54}},"loc":{"start":{"line":31,"column":59},"end":{"line":33,"column":5}},"line":31},"5":{"name":"(anonymous_5)","decl":{"start":{"line":36,"column":2},"end":{"line":36,"column":3}},"loc":{"start":{"line":36,"column":31},"end":{"line":41,"column":3}},"line":36},"6":{"name":"(anonymous_6)","decl":{"start":{"line":43,"column":2},"end":{"line":43,"column":3}},"loc":{"start":{"line":43,"column":10},"end":{"line":51,"column":3}},"line":43},"7":{"name":"(anonymous_7)","decl":{"start":{"line":53,"column":2},"end":{"line":53,"column":3}},"loc":{"start":{"line":53,"column":11},"end":{"line":56,"column":3}},"line":53}},"branchMap":{"0":{"loc":{"start":{"line":38,"column":4},"end":{"line":40,"column":5}},"type":"if","locations":[{"start":{"line":38,"column":4},"end":{"line":40,"column":5}},{"start":{},"end":{}}],"line":38},"1":{"loc":{"start":{"line":44,"column":4},"end":{"line":44,"column":46}},"type":"if","locations":[{"start":{"line":44,"column":4},"end":{"line":44,"column":46}},{"start":{},"end":{}}],"line":44},"2":{"loc":{"start":{"line":47,"column":4},"end":{"line":47,"column":65}},"type":"if","locations":[{"start":{"line":47,"column":4},"end":{"line":47,"column":65}},{"start":{},"end":{}}],"line":47}},"s":{"0":1,"1":1,"2":1,"3":1,"4":1,"5":40,"6":40,"7":40,"8":40,"9":8,"10":16,"11":8,"12":24,"13":1,"14":1,"15":1,"16":11,"17":3,"18":8,"19":8,"20":2,"21":8,"22":8,"23":1,"24":1,"25":1},"f":{"0":40,"1":8,"2":16,"3":8,"4":24,"5":1,"6":11,"7":1},"b":{"0":[1,0],"1":[3,8],"2":[2,6]},"_coverageSchema":"1a1c01bbd47fc00a2c39e90264f33305004495a9","hash":"59bd3370d4d2540896dd3048a773b3c4d973ad47"}
}
