TN:
SF:robot-name.js
FN:15,(anonymous_0)
FN:23,(anonymous_1)
FN:24,(anonymous_2)
FN:30,(anonymous_3)
FN:31,(anonymous_4)
FN:36,(anonymous_5)
FN:43,(anonymous_6)
FN:53,(anonymous_7)
FNF:8
FNH:8
FNDA:40,(anonymous_0)
FNDA:8,(anonymous_1)
FNDA:16,(anonymous_2)
FNDA:8,(anonymous_3)
FNDA:24,(anonymous_4)
FNDA:1,(anonymous_5)
FNDA:11,(anonymous_6)
FNDA:1,(anonymous_7)
DA:4,1
DA:5,1
DA:6,1
DA:7,1
DA:8,1
DA:16,40
DA:17,40
DA:18,40
DA:20,40
DA:24,8
DA:25,16
DA:31,8
DA:32,24
DA:37,1
DA:38,1
DA:39,1
DA:44,11
DA:45,8
DA:47,8
DA:48,8
DA:50,8
DA:54,1
DA:55,1
DA:59,1
LF:24
LH:24
BRDA:38,0,0,1
BRDA:38,0,1,0
BRDA:44,1,0,3
BRDA:44,1,1,8
BRDA:47,2,0,2
BRDA:47,2,1,6
BRF:6
BRH:5
end_of_record
